# JRE version: Java(TM) SE Runtime Environment (17.0.10+11) (build 17.0.10+11-LTS-240)
# Java VM: Java HotSpot(TM) 64-Bit Server VM (17.0.10+11-LTS-240, mixed mode, emulated-client, sharing, tiered, compressed oops, compressed class ptrs, g1 gc, windows-amd64)
GC Precious Log:
 CPUs: 8 total, 8 available
 Memory: 7975M
 Large Page Support: Disabled
 NUMA Support: Disabled
 Compressed Oops: Enabled (32-bit)
 Heap Region Size: 1M
 Heap Min Capacity: 8M
 Heap Initial Capacity: 126M
 Heap Max Capacity: 1994M
 Pre-touch: Disabled
 Parallel Workers: 8
 Concurrent Workers: 2
 Concurrent Refinement Workers: 8
 Periodic GC: Disabled
Heap:
 garbage-first heap   total 140288K, used 44677K [0x0000000083600000, 0x0000000100000000)
  region size 1024K, 6 young (6144K), 6 survivors (6144K)
 Metaspace       used 105607K, committed 106496K, reserved 1179648K
  class space    used 14301K, committed 14720K, reserved 1048576K
GC Heap History (20 events):
Event: 1622.549 GC heap after
{Heap after GC invocations=150 (full 9):
 garbage-first heap   total 140288K, used 55240K [0x0000000083600000, 0x0000000100000000)
  region size 1024K, 6 young (6144K), 6 survivors (6144K)
 Metaspace       used 103375K, committed 104256K, reserved 1179648K
  class space    used 14080K, committed 14528K, reserved 1048576K
}
Event: 1663.808 GC heap before
{Heap before GC invocations=151 (full 9):
 garbage-first heap   total 140288K, used 82888K [0x0000000083600000, 0x0000000100000000)
  region size 1024K, 34 young (34816K), 6 survivors (6144K)
 Metaspace       used 103336K, committed 104256K, reserved 1179648K
  class space    used 14074K, committed 14528K, reserved 1048576K
}
Event: 1663.884 GC heap after
{Heap after GC invocations=152 (full 10):
 garbage-first heap   total 140288K, used 43034K [0x0000000083600000, 0x0000000100000000)
  region size 1024K, 0 young (0K), 0 survivors (0K)
 Metaspace       used 103336K, committed 104256K, reserved 1179648K
  class space    used 14074K, committed 14528K, reserved 1048576K
}
Event: 1664.399 GC heap before
{Heap before GC invocations=152 (full 10):
 garbage-first heap   total 140288K, used 109594K [0x0000000083600000, 0x0000000100000000)
  region size 1024K, 66 young (67584K), 0 survivors (0K)
 Metaspace       used 103919K, committed 104768K, reserved 1179648K
  class space    used 14136K, committed 14528K, reserved 1048576K
}
Event: 1664.404 GC heap after
{Heap after GC invocations=153 (full 10):
 garbage-first heap   total 140288K, used 48154K [0x0000000083600000, 0x0000000100000000)
  region size 1024K, 5 young (5120K), 5 survivors (5120K)
 Metaspace       used 103919K, committed 104768K, reserved 1179648K
  class space    used 14136K, committed 14528K, reserved 1048576K
}
Event: 1665.662 GC heap before
{Heap before GC invocations=154 (full 10):
 garbage-first heap   total 140288K, used 111642K [0x0000000083600000, 0x0000000100000000)
  region size 1024K, 67 young (68608K), 5 survivors (5120K)
 Metaspace       used 104137K, committed 105024K, reserved 1179648K
  class space    used 14166K, committed 14592K, reserved 1048576K
}
Event: 1665.669 GC heap after
{Heap after GC invocations=155 (full 10):
 garbage-first heap   total 140288K, used 51432K [0x0000000083600000, 0x0000000100000000)
  region size 1024K, 4 young (4096K), 4 survivors (4096K)
 Metaspace       used 104137K, committed 105024K, reserved 1179648K
  class space    used 14166K, committed 14592K, reserved 1048576K
}
Event: 1665.691 GC heap before
{Heap before GC invocations=155 (full 10):
 garbage-first heap   total 140288K, used 53480K [0x0000000083600000, 0x0000000100000000)
  region size 1024K, 6 young (6144K), 4 survivors (4096K)
 Metaspace       used 104159K, committed 105024K, reserved 1179648K
  class space    used 14167K, committed 14592K, reserved 1048576K
}
Event: 1665.694 GC heap after
{Heap after GC invocations=156 (full 10):
 garbage-first heap   total 140288K, used 51755K [0x0000000083600000, 0x0000000100000000)
  region size 1024K, 1 young (1024K), 1 survivors (1024K)
 Metaspace       used 104159K, committed 105024K, reserved 1179648K
  class space    used 14167K, committed 14592K, reserved 1048576K
}
Event: 1665.885 GC heap before
{Heap before GC invocations=156 (full 10):
 garbage-first heap   total 140288K, used 111147K [0x0000000083600000, 0x0000000100000000)
  region size 1024K, 59 young (60416K), 1 survivors (1024K)
 Metaspace       used 104557K, committed 105408K, reserved 1179648K
  class space    used 14194K, committed 14592K, reserved 1048576K
}
Event: 1665.898 GC heap after
{Heap after GC invocations=157 (full 10):
 garbage-first heap   total 140288K, used 54140K [0x0000000083600000, 0x0000000100000000)
  region size 1024K, 3 young (3072K), 3 survivors (3072K)
 Metaspace       used 104557K, committed 105408K, reserved 1179648K
  class space    used 14194K, committed 14592K, reserved 1048576K
}
Event: 1666.149 GC heap before
{Heap before GC invocations=158 (full 10):
 garbage-first heap   total 140288K, used 112508K [0x0000000083600000, 0x0000000100000000)
  region size 1024K, 60 young (61440K), 3 survivors (3072K)
 Metaspace       used 104914K, committed 105792K, reserved 1179648K
  class space    used 14217K, committed 14656K, reserved 1048576K
}
Event: 1666.162 GC heap after
{Heap after GC invocations=159 (full 10):
 garbage-first heap   total 140288K, used 56429K [0x0000000083600000, 0x0000000100000000)
  region size 1024K, 6 young (6144K), 6 survivors (6144K)
 Metaspace       used 104914K, committed 105792K, reserved 1179648K
  class space    used 14217K, committed 14656K, reserved 1048576K
}
Event: 1666.168 GC heap before
{Heap before GC invocations=159 (full 10):
 garbage-first heap   total 140288K, used 57453K [0x0000000083600000, 0x0000000100000000)
  region size 1024K, 7 young (7168K), 6 survivors (6144K)
 Metaspace       used 104914K, committed 105792K, reserved 1179648K
  class space    used 14217K, committed 14656K, reserved 1048576K
}
Event: 1666.176 GC heap after
{Heap after GC invocations=160 (full 10):
 garbage-first heap   total 140288K, used 57083K [0x0000000083600000, 0x0000000100000000)
  region size 1024K, 1 young (1024K), 1 survivors (1024K)
 Metaspace       used 104914K, committed 105792K, reserved 1179648K
  class space    used 14217K, committed 14656K, reserved 1048576K
}
Event: 1720.758 GC heap before
{Heap before GC invocations=160 (full 10):
 garbage-first heap   total 140288K, used 114427K [0x0000000083600000, 0x0000000100000000)
  region size 1024K, 57 young (58368K), 1 survivors (1024K)
 Metaspace       used 104996K, committed 105920K, reserved 1179648K
  class space    used 14232K, committed 14656K, reserved 1048576K
}
Event: 1720.765 GC heap after
{Heap after GC invocations=161 (full 10):
 garbage-first heap   total 140288K, used 58161K [0x0000000083600000, 0x0000000100000000)
  region size 1024K, 2 young (2048K), 2 survivors (2048K)
 Metaspace       used 104996K, committed 105920K, reserved 1179648K
  class space    used 14232K, committed 14656K, reserved 1048576K
}
Event: 1725.810 GC heap before
{Heap before GC invocations=162 (full 10):
 garbage-first heap   total 140288K, used 61236K [0x0000000083600000, 0x0000000100000000)
  region size 1024K, 8 young (8192K), 2 survivors (2048K)
 Metaspace       used 104963K, committed 105920K, reserved 1179648K
  class space    used 14226K, committed 14656K, reserved 1048576K
}
Event: 1725.895 GC heap after
{Heap after GC invocations=163 (full 11):
 garbage-first heap   total 140288K, used 39477K [0x0000000083600000, 0x0000000100000000)
  region size 1024K, 0 young (0K), 0 survivors (0K)
 Metaspace       used 104963K, committed 105920K, reserved 1179648K
  class space    used 14226K, committed 14656K, reserved 1048576K
}
Event: 1728.899 GC heap before
{Heap before GC invocations=163 (full 11):
 garbage-first heap   total 140288K, used 111157K [0x0000000083600000, 0x0000000100000000)
  region size 1024K, 71 young (72704K), 0 survivors (0K)
 Metaspace       used 105607K, committed 106496K, reserved 1179648K
  class space    used 14301K, committed 14720K, reserved 1048576K
}

